TN:
SF:.eslintrc.js
FNF:0
FNH:0
DA:1,0
LF:1
LH:0
BRF:0
BRH:0
end_of_record
TN:
SF:app.js
FN:12,(anonymous_0)
FN:17,(anonymous_1)
FN:23,(anonymous_2)
FN:28,(anonymous_3)
FN:30,(anonymous_4)
FNF:5
FNH:0
FNDA:0,(anonymous_0)
FNDA:0,(anonymous_1)
FNDA:0,(anonymous_2)
FNDA:0,(anonymous_3)
FNDA:0,(anonymous_4)
DA:1,3
DA:2,3
DA:3,3
DA:5,3
DA:6,3
DA:7,3
DA:8,3
DA:9,3
DA:12,3
DA:13,0
DA:17,3
DA:18,0
DA:19,0
DA:22,3
DA:23,0
DA:24,0
DA:28,0
DA:29,0
DA:30,0
DA:31,0
DA:32,0
DA:37,3
LF:22
LH:12
BRDA:5,0,0,3
BRDA:5,0,1,3
BRDA:22,1,0,0
BRDA:22,1,1,3
BRF:4
BRH:3
end_of_record
TN:
SF:babel.config.js
FNF:0
FNH:0
DA:1,0
LF:1
LH:0
BRF:0
BRH:0
end_of_record
TN:
SF:jest.config.js
FNF:0
FNH:0
DA:1,0
LF:1
LH:0
BRF:0
BRH:0
end_of_record
TN:
SF:config\database.js
FN:18,runMigration
FN:35,(anonymous_1)
FN:39,(anonymous_2)
FNF:3
FNH:2
FNDA:3,runMigration
FNDA:3,(anonymous_1)
FNDA:0,(anonymous_2)
DA:1,3
DA:2,3
DA:3,3
DA:5,3
DA:15,3
DA:19,3
DA:20,3
DA:21,3
DA:22,3
DA:23,3
DA:25,0
DA:26,0
DA:31,3
DA:34,3
DA:36,3
DA:37,3
DA:40,0
DA:43,3
LF:18
LH:15
BRDA:6,0,0,3
BRDA:6,0,1,0
BRDA:7,1,0,3
BRDA:7,1,1,0
BRDA:8,2,0,3
BRDA:8,2,1,0
BRDA:9,3,0,3
BRDA:9,3,1,0
BRF:8
BRH:4
end_of_record
TN:
SF:config\db.js
FNF:0
FNH:0
DA:23,3
DA:26,3
DA:36,3
LF:3
LH:3
BRDA:27,0,0,3
BRDA:27,0,1,0
BRDA:28,1,0,3
BRDA:28,1,1,0
BRDA:29,2,0,3
BRDA:29,2,1,0
BRDA:30,3,0,3
BRDA:30,3,1,0
BRF:8
BRH:4
end_of_record
TN:
SF:controllers\product.js
FN:10,(anonymous_0)
FN:27,(anonymous_1)
FN:37,(anonymous_2)
FN:51,(anonymous_3)
FN:68,(anonymous_4)
FN:90,(anonymous_5)
FNF:6
FNH:6
FNDA:11,(anonymous_0)
FNDA:3,(anonymous_1)
FNDA:8,(anonymous_2)
FNDA:7,(anonymous_3)
FNDA:4,(anonymous_4)
FNDA:4,(anonymous_5)
DA:7,3
DA:10,3
DA:11,11
DA:13,11
DA:14,1
DA:17,11
DA:18,0
DA:19,11
DA:20,1
DA:23,11
DA:27,3
DA:28,3
DA:29,3
DA:30,3
DA:32,0
DA:37,3
DA:38,8
DA:39,8
DA:40,8
DA:41,4
DA:43,4
DA:46,0
DA:51,3
DA:52,7
DA:53,7
DA:54,7
DA:56,7
DA:57,1
DA:60,6
DA:61,6
DA:63,0
DA:68,3
DA:69,4
DA:70,4
DA:71,4
DA:73,4
DA:74,0
DA:77,4
DA:78,4
DA:79,4
DA:80,3
DA:82,1
DA:85,0
DA:90,3
DA:91,4
DA:92,4
DA:93,4
DA:94,4
DA:95,3
DA:97,1
DA:100,0
DA:104,3
LF:52
LH:45
BRDA:13,0,0,1
BRDA:13,0,1,10
BRDA:13,1,0,11
BRDA:13,1,1,10
BRDA:17,2,0,0
BRDA:17,2,1,11
BRDA:17,3,0,11
BRDA:17,3,1,11
BRDA:19,4,0,1
BRDA:19,4,1,10
BRDA:19,5,0,11
BRDA:19,5,1,11
BRDA:40,6,0,4
BRDA:40,6,1,4
BRDA:56,7,0,1
BRDA:56,7,1,6
BRDA:73,8,0,0
BRDA:73,8,1,4
BRDA:79,9,0,3
BRDA:79,9,1,1
BRDA:94,10,0,3
BRDA:94,10,1,1
BRF:22
BRH:20
end_of_record
TN:
SF:models\ProductModel.js
FN:4,getProducts
FN:15,getProductById
FN:26,insertProduct
FN:39,updateProductById
FN:61,deleteProductById
FNF:5
FNH:5
FNDA:4,getProducts
FNDA:9,getProductById
FNDA:7,insertProduct
FNDA:5,updateProductById
FNDA:5,deleteProductById
DA:1,4
DA:5,4
DA:6,4
DA:7,4
DA:9,0
DA:10,0
DA:16,9
DA:17,9
DA:18,9
DA:20,0
DA:21,0
DA:27,7
DA:28,7
DA:30,7
DA:31,7
DA:33,0
DA:34,0
DA:40,5
DA:42,5
DA:43,5
DA:44,1
DA:48,4
DA:52,4
DA:53,4
DA:55,0
DA:56,0
DA:62,5
DA:63,5
DA:64,5
DA:66,0
DA:67,0
DA:71,4
LF:32
LH:22
BRDA:18,0,0,9
BRDA:18,0,1,4
BRDA:43,1,0,1
BRDA:43,1,1,4
BRF:4
BRH:4
end_of_record
TN:
SF:routes\routes.js
FNF:0
FNH:0
DA:1,3
DA:8,3
DA:10,3
DA:13,3
DA:16,3
DA:19,3
DA:22,3
DA:25,3
DA:27,3
LF:9
LH:9
BRF:0
BRH:0
end_of_record
