TN:
SF:.eslintrc.js
FNF:0
FNH:0
DA:1,0
LF:1
LH:0
BRF:0
BRH:0
end_of_record
TN:
SF:app.js
FN:12,(anonymous_0)
FN:17,(anonymous_1)
FN:23,(anonymous_2)
FN:28,(anonymous_3)
FN:30,(anonymous_4)
FNF:5
FNH:0
FNDA:0,(anonymous_0)
FNDA:0,(anonymous_1)
FNDA:0,(anonymous_2)
FNDA:0,(anonymous_3)
FNDA:0,(anonymous_4)
DA:1,3
DA:2,3
DA:3,3
DA:5,3
DA:6,3
DA:7,3
DA:8,3
DA:9,3
DA:12,3
DA:13,0
DA:17,3
DA:18,0
DA:19,0
DA:22,3
DA:23,0
DA:24,0
DA:28,0
DA:29,0
DA:30,0
DA:31,0
DA:32,0
DA:37,3
LF:22
LH:12
BRDA:5,0,0,3
BRDA:5,0,1,3
BRDA:22,1,0,0
BRDA:22,1,1,3
BRF:4
BRH:3
end_of_record
TN:
SF:babel.config.js
FNF:0
FNH:0
DA:1,0
LF:1
LH:0
BRF:0
BRH:0
end_of_record
TN:
SF:jest.config.js
FNF:0
FNH:0
DA:1,0
LF:1
LH:0
BRF:0
BRH:0
end_of_record
TN:
SF:config\database.js
FN:18,runMigration
FN:26,(anonymous_1)
FN:50,(anonymous_2)
FN:54,(anonymous_3)
FNF:4
FNH:3
FNDA:3,runMigration
FNDA:9,(anonymous_1)
FNDA:3,(anonymous_2)
FNDA:0,(anonymous_3)
DA:1,3
DA:2,3
DA:3,3
DA:5,3
DA:15,3
DA:20,3
DA:21,3
DA:22,3
DA:23,3
DA:26,9
DA:28,3
DA:29,6
DA:30,6
DA:34,3
DA:36,0
DA:37,0
DA:39,3
DA:40,3
DA:46,3
DA:49,3
DA:51,3
DA:52,3
DA:55,0
DA:58,3
LF:24
LH:21
BRDA:6,0,0,3
BRDA:6,0,1,0
BRDA:7,1,0,3
BRDA:7,1,1,0
BRDA:8,2,0,3
BRDA:8,2,1,0
BRDA:9,3,0,3
BRDA:9,3,1,0
BRDA:29,4,0,6
BRDA:29,4,1,0
BRDA:39,5,0,3
BRDA:39,5,1,0
BRF:12
BRH:6
end_of_record
TN:
SF:config\db.js
FNF:0
FNH:0
DA:23,3
DA:26,3
DA:36,3
LF:3
LH:3
BRDA:27,0,0,3
BRDA:27,0,1,0
BRDA:28,1,0,3
BRDA:28,1,1,0
BRDA:29,2,0,3
BRDA:29,2,1,0
BRDA:30,3,0,3
BRDA:30,3,1,0
BRF:8
BRH:4
end_of_record
TN:
SF:controllers\product.js
FN:10,(anonymous_0)
FN:27,(anonymous_1)
FN:37,(anonymous_2)
FN:51,(anonymous_3)
FN:68,(anonymous_4)
FN:90,(anonymous_5)
FNF:6
FNH:6
FNDA:11,(anonymous_0)
FNDA:1,(anonymous_1)
FNDA:9,(anonymous_2)
FNDA:7,(anonymous_3)
FNDA:4,(anonymous_4)
FNDA:4,(anonymous_5)
DA:7,3
DA:10,3
DA:11,11
DA:13,11
DA:14,1
DA:17,11
DA:18,1
DA:19,10
DA:20,0
DA:23,11
DA:27,3
DA:28,1
DA:29,1
DA:30,1
DA:32,0
DA:37,3
DA:38,9
DA:39,9
DA:40,9
DA:41,5
DA:43,4
DA:46,0
DA:51,3
DA:52,7
DA:53,7
DA:54,7
DA:56,7
DA:57,1
DA:60,6
DA:61,6
DA:63,0
DA:68,3
DA:69,4
DA:70,4
DA:71,4
DA:73,4
DA:74,0
DA:77,4
DA:78,4
DA:79,4
DA:80,3
DA:82,1
DA:85,0
DA:90,3
DA:91,4
DA:92,4
DA:93,4
DA:94,4
DA:95,3
DA:97,1
DA:100,0
DA:104,3
LF:52
LH:45
BRDA:13,0,0,1
BRDA:13,0,1,10
BRDA:13,1,0,11
BRDA:13,1,1,10
BRDA:17,2,0,1
BRDA:17,2,1,10
BRDA:17,3,0,11
BRDA:17,3,1,10
BRDA:19,4,0,0
BRDA:19,4,1,10
BRDA:19,5,0,10
BRDA:19,5,1,10
BRDA:40,6,0,5
BRDA:40,6,1,4
BRDA:56,7,0,1
BRDA:56,7,1,6
BRDA:73,8,0,0
BRDA:73,8,1,4
BRDA:79,9,0,3
BRDA:79,9,1,1
BRDA:94,10,0,3
BRDA:94,10,1,1
BRF:22
BRH:20
end_of_record
TN:
SF:models\ProductModel.js
FN:4,(anonymous_0)
FN:13,getProducts
FN:24,getProductById
FN:35,insertProduct
FN:48,updateProductById
FN:70,deleteProductById
FNF:6
FNH:6
FNDA:23,(anonymous_0)
FNDA:2,getProducts
FNDA:10,getProductById
FNDA:7,insertProduct
FNDA:5,updateProductById
FNDA:5,deleteProductById
DA:1,4
DA:4,4
DA:5,23
DA:6,19
DA:14,2
DA:15,2
DA:16,2
DA:18,0
DA:19,0
DA:25,10
DA:26,10
DA:27,10
DA:29,0
DA:30,0
DA:36,7
DA:37,7
DA:39,7
DA:40,7
DA:42,0
DA:43,0
DA:49,5
DA:51,5
DA:52,5
DA:53,1
DA:57,4
DA:61,4
DA:62,4
DA:64,0
DA:65,0
DA:71,5
DA:72,5
DA:73,5
DA:75,0
DA:76,0
DA:80,4
LF:35
LH:25
BRDA:5,0,0,4
BRDA:5,0,1,19
BRDA:52,1,0,1
BRDA:52,1,1,4
BRF:4
BRH:4
end_of_record
TN:
SF:routes\routes.js
FNF:0
FNH:0
DA:1,3
DA:8,3
DA:10,3
DA:13,3
DA:16,3
DA:19,3
DA:22,3
DA:25,3
DA:27,3
LF:9
LH:9
BRF:0
BRH:0
end_of_record
